<?xml version="1.0" encoding="UTF-8"?>
<!-- Generated by org.testng.reporters.JUnitReportReporter -->
<testsuite hostname="DESKTOP-HL4JRJF" failures="0" tests="2" name="com.qa.fb.keyword.tests.LoginTest" time="58.164" errors="0" timestamp="13 Aug 2022 01:13:30 GMT" skipped="0">
  <testcase classname="com.qa.fb.keyword.tests.LoginTest" name="signUpTest" time="57.343"/>
  <testcase classname="com.qa.fb.keyword.tests.LoginTest" name="loginTest" time="0.821"/>
</testsuite> <!-- com.qa.fb.keyword.tests.LoginTest -->
