<?xml version="1.0" encoding="UTF-8"?>
<!-- Generated by org.testng.reporters.JUnitReportReporter -->
<testsuite hostname="DESKTOP-HL4JRJF" failures="0" tests="1" name="com.qa.fb.keyword.tests.LoginTest" time="80.916" errors="0" timestamp="2022-08-23T19:52:53 IST" skipped="0">
  <testcase classname="com.qa.fb.keyword.tests.LoginTest" name="loginTest" time="80.916"/>
  <system-out/>
</testsuite> <!-- com.qa.fb.keyword.tests.LoginTest -->
